<?xml version="1.0" encoding="UTF-8"?>
<!-- Generated by org.testng.reporters.JUnitReportReporter -->
<testsuite hostname="EPESMALW03F9" failures="0" tests="4" name="derivco.IngredientTests" time="2.459" errors="0" timestamp="2023-01-31T12:56:52 CET" skipped="0">
  <testcase classname="derivco.IngredientTests" name="isIngrediantNonAlcholAndNonAbv" time="1.633"/>
  <system-out/>
  <testcase classname="derivco.IngredientTests" name="isIngrediantAlcholAndAbv" time="0.316"/>
  <system-out/>
  <testcase classname="derivco.IngredientTests" name="isIngrediantResponceNull" time="0.224"/>
  <system-out/>
  <testcase classname="derivco.IngredientTests" name="isIngrediantWithExactIdGetReturned" time="0.286"/>
  <system-out/>
</testsuite> <!-- derivco.IngredientTests -->
