<?xml version="1.0" encoding="UTF-8"?>
<!-- Generated by org.testng.reporters.JUnitReportReporter -->
<testsuite hostname="EPESMALW03F9" failures="0" tests="6" name="derivco.CocktailNameTests" time="2.167" errors="0" timestamp="2023-01-31T13:54:35 CET" skipped="0">
  <testcase classname="derivco.CocktailNameTests" name="isIngrediantResponceNull" time="0.249"/>
  <system-out/>
  <testcase classname="derivco.CocktailNameTests" name="isDrinkNameHasmultipleRecord" time="0.250"/>
  <system-out/>
  <testcase classname="derivco.CocktailNameTests" name="isDrinkNameContainsProvidedValue" time="0.295"/>
  <system-out/>
  <testcase classname="derivco.CocktailNameTests" name="areMandatoryFieldsNotNull" time="0.549"/>
  <system-out/>
  <testcase classname="derivco.CocktailNameTests" name="areDrinksStartingWithLetterGetReturned" time="0.621"/>
  <system-out/>
  <testcase classname="derivco.CocktailNameTests" name="isDrinkWithExactIdGetReturned" time="0.203"/>
  <system-out/>
</testsuite> <!-- derivco.CocktailNameTests -->
