<?xml version="1.0" encoding="UTF-8"?>
<!-- Generated by org.testng.reporters.JUnitReportReporter -->
<testsuite hostname="EPESMALW03F9" failures="0" tests="3" name="derivco.IngrediantTests" time="2.067" errors="0" timestamp="2023-01-30T16:16:01 CET" skipped="0">
  <testcase classname="derivco.IngrediantTests" name="isIngrediantNonAlcholAndNonAbv" time="1.596"/>
  <system-out/>
  <testcase classname="derivco.IngrediantTests" name="isIngrediantAlcholAndAbv" time="0.266"/>
  <system-out/>
  <testcase classname="derivco.IngrediantTests" name="isIngrediantResponceNull" time="0.205"/>
  <system-out/>
</testsuite> <!-- derivco.IngrediantTests -->
