<?xml version="1.0" encoding="UTF-8"?>
<!-- Generated by org.testng.reporters.JUnitReportReporter -->
<testsuite hostname="EPESMALW03F9" failures="0" tests="6" name="derivco.CocktailNameTests" time="2.913" errors="0" timestamp="2023-01-31T12:56:52 CET" skipped="0">
  <testcase classname="derivco.CocktailNameTests" name="isIngrediantResponceNull" time="0.222"/>
  <system-out/>
  <testcase classname="derivco.CocktailNameTests" name="isDrinkNameHasmultipleRecord" time="0.221"/>
  <system-out/>
  <testcase classname="derivco.CocktailNameTests" name="isDrinkNameContainsProvidedValue" time="0.347"/>
  <system-out/>
  <testcase classname="derivco.CocktailNameTests" name="areMandatoryFieldsNotNull" time="0.990"/>
  <system-out/>
  <testcase classname="derivco.CocktailNameTests" name="areDrinksStartingWithLetterGetReturned" time="0.904"/>
  <system-out/>
  <testcase classname="derivco.CocktailNameTests" name="isDrinkWithExactIdGetReturned" time="0.229"/>
  <system-out/>
</testsuite> <!-- derivco.CocktailNameTests -->
