<?xml version="1.0" encoding="UTF-8"?>
<!-- Generated by org.testng.reporters.JUnitReportReporter -->
<testsuite hostname="EPESMALW03F9" failures="0" tests="4" name="derivco.IngredientTests" time="2.641" errors="0" timestamp="2023-01-31T13:54:35 CET" skipped="0">
  <testcase classname="derivco.IngredientTests" name="isIngrediantNonAlcholAndNonAbv" time="1.617"/>
  <system-out/>
  <testcase classname="derivco.IngredientTests" name="isIngrediantAlcholAndAbv" time="0.301"/>
  <system-out/>
  <testcase classname="derivco.IngredientTests" name="isIngrediantResponceNull" time="0.503"/>
  <system-out/>
  <testcase classname="derivco.IngredientTests" name="isIngrediantWithExactIdGetReturned" time="0.220"/>
  <system-out/>
</testsuite> <!-- derivco.IngredientTests -->
